2019-05-19 16:02:54 [main-EventThread] ERROR org.apache.curator.framework.imps.CuratorFrameworkImpl[566] -
				Watcher exception
org.apache.zookeeper.KeeperException$NoNodeException: KeeperErrorCode = NoNode for /dubbo/com.demofive.manager.UserMgr/configurators
	at org.apache.zookeeper.KeeperException.create(KeeperException.java:111)
	at org.apache.zookeeper.KeeperException.create(KeeperException.java:51)
	at org.apache.zookeeper.ZooKeeper.getChildren(ZooKeeper.java:1650)
	at org.apache.curator.framework.imps.GetChildrenBuilderImpl$3.call(GetChildrenBuilderImpl.java:230)
	at org.apache.curator.framework.imps.GetChildrenBuilderImpl$3.call(GetChildrenBuilderImpl.java:219)
	at org.apache.curator.RetryLoop.callWithRetry(RetryLoop.java:109)
	at org.apache.curator.framework.imps.GetChildrenBuilderImpl.pathInForeground(GetChildrenBuilderImpl.java:216)
	at org.apache.curator.framework.imps.GetChildrenBuilderImpl.forPath(GetChildrenBuilderImpl.java:207)
	at org.apache.curator.framework.imps.GetChildrenBuilderImpl.forPath(GetChildrenBuilderImpl.java:40)
	at com.alibaba.dubbo.remoting.zookeeper.curator.CuratorZookeeperClient$CuratorWatcherImpl.process(CuratorZookeeperClient.java:171)
	at org.apache.curator.framework.imps.NamespaceWatcher.process(NamespaceWatcher.java:68)
	at org.apache.zookeeper.ClientCnxn$EventThread.processEvent(ClientCnxn.java:530)
	at org.apache.zookeeper.ClientCnxn$EventThread.run(ClientCnxn.java:505)
2019-05-19 16:02:54 [main-EventThread] ERROR org.apache.curator.framework.imps.CuratorFrameworkImpl[566] -
				Watcher exception
org.apache.zookeeper.KeeperException$NoNodeException: KeeperErrorCode = NoNode for /dubbo/com.demofive.manager.UserMgr/routers
	at org.apache.zookeeper.KeeperException.create(KeeperException.java:111)
	at org.apache.zookeeper.KeeperException.create(KeeperException.java:51)
	at org.apache.zookeeper.ZooKeeper.getChildren(ZooKeeper.java:1650)
	at org.apache.curator.framework.imps.GetChildrenBuilderImpl$3.call(GetChildrenBuilderImpl.java:230)
	at org.apache.curator.framework.imps.GetChildrenBuilderImpl$3.call(GetChildrenBuilderImpl.java:219)
	at org.apache.curator.RetryLoop.callWithRetry(RetryLoop.java:109)
	at org.apache.curator.framework.imps.GetChildrenBuilderImpl.pathInForeground(GetChildrenBuilderImpl.java:216)
	at org.apache.curator.framework.imps.GetChildrenBuilderImpl.forPath(GetChildrenBuilderImpl.java:207)
	at org.apache.curator.framework.imps.GetChildrenBuilderImpl.forPath(GetChildrenBuilderImpl.java:40)
	at com.alibaba.dubbo.remoting.zookeeper.curator.CuratorZookeeperClient$CuratorWatcherImpl.process(CuratorZookeeperClient.java:171)
	at org.apache.curator.framework.imps.NamespaceWatcher.process(NamespaceWatcher.java:68)
	at org.apache.zookeeper.ClientCnxn$EventThread.processEvent(ClientCnxn.java:530)
	at org.apache.zookeeper.ClientCnxn$EventThread.run(ClientCnxn.java:505)
2019-05-19 16:02:54 [main-EventThread] ERROR org.apache.curator.framework.imps.CuratorFrameworkImpl[566] -
				Watcher exception
org.apache.zookeeper.KeeperException$NoNodeException: KeeperErrorCode = NoNode for /dubbo/com.demofive.manager.UserMgr/providers
	at org.apache.zookeeper.KeeperException.create(KeeperException.java:111)
	at org.apache.zookeeper.KeeperException.create(KeeperException.java:51)
	at org.apache.zookeeper.ZooKeeper.getChildren(ZooKeeper.java:1650)
	at org.apache.curator.framework.imps.GetChildrenBuilderImpl$3.call(GetChildrenBuilderImpl.java:230)
	at org.apache.curator.framework.imps.GetChildrenBuilderImpl$3.call(GetChildrenBuilderImpl.java:219)
	at org.apache.curator.RetryLoop.callWithRetry(RetryLoop.java:109)
	at org.apache.curator.framework.imps.GetChildrenBuilderImpl.pathInForeground(GetChildrenBuilderImpl.java:216)
	at org.apache.curator.framework.imps.GetChildrenBuilderImpl.forPath(GetChildrenBuilderImpl.java:207)
	at org.apache.curator.framework.imps.GetChildrenBuilderImpl.forPath(GetChildrenBuilderImpl.java:40)
	at com.alibaba.dubbo.remoting.zookeeper.curator.CuratorZookeeperClient$CuratorWatcherImpl.process(CuratorZookeeperClient.java:171)
	at org.apache.curator.framework.imps.NamespaceWatcher.process(NamespaceWatcher.java:68)
	at org.apache.zookeeper.ClientCnxn$EventThread.processEvent(ClientCnxn.java:530)
	at org.apache.zookeeper.ClientCnxn$EventThread.run(ClientCnxn.java:505)
2019-05-19 16:02:58 [main-EventThread] ERROR org.apache.curator.framework.imps.CuratorFrameworkImpl[566] -
				Watcher exception
org.apache.zookeeper.KeeperException$NoNodeException: KeeperErrorCode = NoNode for /dubbo/com.demofive.service.UserService/configurators
	at org.apache.zookeeper.KeeperException.create(KeeperException.java:111)
	at org.apache.zookeeper.KeeperException.create(KeeperException.java:51)
	at org.apache.zookeeper.ZooKeeper.getChildren(ZooKeeper.java:1650)
	at org.apache.curator.framework.imps.GetChildrenBuilderImpl$3.call(GetChildrenBuilderImpl.java:230)
	at org.apache.curator.framework.imps.GetChildrenBuilderImpl$3.call(GetChildrenBuilderImpl.java:219)
	at org.apache.curator.RetryLoop.callWithRetry(RetryLoop.java:109)
	at org.apache.curator.framework.imps.GetChildrenBuilderImpl.pathInForeground(GetChildrenBuilderImpl.java:216)
	at org.apache.curator.framework.imps.GetChildrenBuilderImpl.forPath(GetChildrenBuilderImpl.java:207)
	at org.apache.curator.framework.imps.GetChildrenBuilderImpl.forPath(GetChildrenBuilderImpl.java:40)
	at com.alibaba.dubbo.remoting.zookeeper.curator.CuratorZookeeperClient$CuratorWatcherImpl.process(CuratorZookeeperClient.java:171)
	at org.apache.curator.framework.imps.NamespaceWatcher.process(NamespaceWatcher.java:68)
	at org.apache.zookeeper.ClientCnxn$EventThread.processEvent(ClientCnxn.java:530)
	at org.apache.zookeeper.ClientCnxn$EventThread.run(ClientCnxn.java:505)
